SF:lib\convert_distance_units.dart
DA:4,5
DA:8,5
DA:9,5
DA:10,5
DA:12,2
DA:13,1
DA:15,1
DA:16,1
DA:17,2
DA:18,1
DA:20,2
DA:21,1
DA:23,1
DA:24,2
DA:25,1
LF:15
LH:15
end_of_record
SF:lib\globals.dart
DA:11,9
DA:12,12
DA:24,12
DA:40,0
DA:46,3
DA:52,3
DA:58,2
DA:64,4
DA:67,5
DA:68,4
DA:71,3
DA:74,4
DA:77,3
DA:81,5
DA:82,5
DA:92,6
LF:16
LH:15
end_of_record
SF:lib\about_the_fair.dart
DA:17,3
DA:19,1
DA:20,1
DA:24,1
DA:25,2
DA:28,1
DA:30,1
DA:31,1
DA:32,5
DA:33,1
DA:36,1
DA:37,1
DA:38,1
DA:40,5
DA:41,2
DA:44,1
DA:45,3
DA:46,1
DA:47,1
DA:50,1
DA:51,1
DA:52,3
DA:53,1
DA:54,1
DA:57,1
DA:59,5
DA:60,2
DA:70,1
DA:71,4
DA:72,4
DA:76,1
DA:77,3
DA:79,2
DA:82,1
DA:83,4
DA:84,1
DA:85,1
DA:87,1
DA:89,1
DA:91,1
DA:95,1
DA:97,1
DA:99,2
DA:106,0
DA:107,0
DA:112,0
DA:116,0
DA:118,0
DA:123,2
DA:125,1
DA:126,1
DA:145,1
DA:147,1
DA:148,2
DA:150,3
DA:151,4
DA:155,1
DA:157,2
DA:158,3
DA:159,1
DA:161,1
DA:164,0
DA:165,0
DA:166,0
DA:167,0
DA:170,0
DA:171,0
DA:174,1
DA:176,2
DA:177,4
DA:178,4
DA:179,4
DA:182,1
DA:183,3
DA:185,3
DA:186,1
DA:187,3
DA:188,3
DA:190,1
DA:191,4
DA:193,1
DA:195,4
DA:199,2
DA:201,1
DA:205,1
DA:209,1
DA:210,1
DA:211,1
DA:217,6
DA:218,9
DA:219,1
DA:220,1
DA:221,1
DA:224,1
DA:226,1
DA:227,1
DA:229,1
DA:230,1
DA:240,2
DA:252,1
DA:255,1
DA:256,1
DA:259,1
DA:260,1
DA:261,1
DA:267,1
DA:268,1
DA:269,4
DA:270,1
DA:271,1
DA:273,1
DA:275,1
DA:276,4
DA:279,1
DA:281,1
DA:283,1
DA:290,1
DA:296,1
DA:297,1
DA:298,1
DA:299,1
DA:303,1
DA:304,1
DA:307,1
DA:308,1
DA:309,0
DA:310,0
DA:312,1
DA:313,1
DA:316,1
DA:317,1
DA:318,0
DA:319,0
DA:323,1
DA:327,1
DA:328,1
DA:331,1
DA:332,1
DA:333,0
DA:334,0
DA:338,1
DA:342,1
DA:343,1
DA:346,1
DA:347,1
DA:348,0
DA:349,0
DA:351,1
DA:352,1
DA:355,1
DA:356,1
DA:357,0
DA:358,0
DA:362,1
DA:366,1
DA:367,1
DA:370,1
DA:371,1
DA:372,0
DA:373,0
DA:375,1
DA:376,1
DA:379,1
DA:380,1
DA:381,0
DA:382,0
DA:386,1
DA:387,1
DA:388,1
DA:395,1
DA:397,1
DA:402,1
DA:403,1
DA:404,1
DA:406,1
DA:411,1
DA:412,1
DA:421,1
DA:423,1
LF:179
LH:154
end_of_record
SF:lib\android_nav_bar_detector.dart
DA:3,0
DA:4,0
DA:5,0
DA:8,0
DA:12,0
LF:5
LH:0
end_of_record
SF:lib\as_the_crow_flies.dart
DA:5,3
DA:14,3
DA:15,21
DA:16,45
DA:29,18
LF:5
LH:5
end_of_record
SF:lib\filtered_listings.dart
DA:26,3
DA:32,3
DA:33,3
DA:52,3
DA:54,6
DA:55,3
DA:59,2
DA:61,4
DA:62,4
DA:63,2
DA:64,2
DA:65,6
DA:67,12
DA:70,3
DA:72,6
DA:73,4
DA:74,9
DA:75,6
DA:76,6
DA:77,3
DA:80,1
DA:83,3
DA:86,3
DA:92,3
DA:95,2
DA:96,4
DA:97,2
DA:98,3
DA:99,3
DA:100,3
DA:101,6
DA:102,1
DA:105,2
DA:107,4
DA:109,8
DA:110,3
DA:112,1
DA:115,10
DA:117,2
DA:119,1
DA:122,8
DA:123,4
DA:124,4
DA:127,2
DA:128,2
DA:129,1
DA:130,2
DA:131,1
DA:134,15
DA:137,1
DA:141,10
DA:143,3
DA:144,3
DA:145,1
DA:147,3
DA:149,2
DA:150,3
DA:151,1
DA:153,0
DA:156,0
DA:157,0
DA:158,0
DA:162,0
DA:163,0
DA:164,0
DA:169,0
DA:171,0
DA:172,0
DA:175,0
DA:176,0
DA:179,0
DA:184,2
DA:185,6
DA:188,0
DA:193,0
DA:194,0
DA:195,0
DA:199,0
DA:200,0
DA:201,0
DA:202,0
DA:204,0
DA:206,0
DA:207,0
DA:212,1
DA:213,1
DA:214,1
DA:215,2
DA:216,0
DA:219,0
DA:220,0
DA:226,2
DA:229,2
DA:230,2
DA:237,1
DA:243,1
DA:244,1
DA:245,0
DA:246,0
DA:249,0
DA:250,0
DA:251,0
DA:252,0
DA:256,1
DA:257,3
DA:258,3
DA:262,1
DA:266,0
DA:267,0
DA:268,0
DA:270,0
DA:272,0
DA:273,0
DA:277,2
DA:278,4
DA:282,1
DA:283,2
DA:284,2
DA:285,3
DA:286,2
DA:290,3
DA:292,6
DA:293,9
DA:294,3
DA:295,3
DA:301,3
DA:304,3
DA:308,3
DA:309,6
DA:311,6
DA:312,2
DA:313,2
DA:315,2
DA:316,2
DA:319,10
DA:322,2
DA:324,2
DA:325,2
DA:335,2
DA:336,6
DA:337,12
DA:338,6
DA:339,14
DA:340,6
DA:342,20
DA:344,16
DA:348,2
DA:351,4
DA:354,4
DA:355,6
DA:356,2
DA:357,3
DA:362,2
DA:363,0
DA:365,6
DA:369,2
DA:373,8
DA:374,2
DA:375,2
DA:376,2
DA:378,2
DA:379,8
DA:381,2
DA:383,2
DA:384,2
DA:386,2
DA:388,3
DA:390,1
DA:391,1
DA:393,6
DA:394,1
DA:397,2
DA:398,1
DA:399,0
DA:400,0
DA:401,0
DA:402,0
DA:403,0
DA:404,0
DA:408,1
DA:409,1
DA:412,1
DA:413,1
DA:414,2
DA:415,1
DA:416,1
DA:421,1
DA:422,2
DA:423,2
DA:424,2
DA:431,2
DA:433,2
DA:434,6
DA:436,18
DA:437,2
DA:440,2
DA:442,6
DA:443,8
DA:444,10
DA:446,0
DA:447,0
DA:448,0
DA:449,0
DA:450,0
DA:451,0
DA:452,0
DA:453,0
DA:454,0
DA:455,0
DA:458,0
DA:459,0
DA:460,0
DA:462,0
DA:464,0
DA:465,0
DA:469,0
DA:470,0
DA:472,0
DA:477,0
DA:479,0
DA:489,18
DA:492,18
DA:493,2
DA:496,2
DA:498,6
DA:499,10
DA:500,10
DA:502,0
DA:503,0
DA:504,0
DA:505,0
DA:506,0
DA:507,0
DA:515,18
DA:517,2
DA:520,2
DA:522,6
DA:523,8
DA:524,8
DA:526,1
DA:527,1
DA:528,2
DA:529,1
DA:542,2
DA:543,2
DA:544,2
DA:545,8
DA:546,8
DA:547,2
DA:548,4
DA:549,2
DA:550,4
DA:551,2
DA:552,1
DA:553,2
DA:554,1
DA:558,2
DA:559,4
DA:560,2
DA:561,2
DA:562,2
DA:563,4
DA:564,2
DA:565,6
DA:566,4
DA:567,2
DA:568,2
DA:569,2
DA:570,4
DA:571,2
DA:572,2
DA:573,2
DA:574,4
DA:575,4
DA:577,2
DA:578,2
DA:579,2
DA:580,2
DA:581,4
DA:582,4
DA:583,0
DA:584,0
DA:585,1
DA:586,1
DA:587,1
DA:589,1
DA:595,14
DA:601,2
DA:602,4
DA:603,2
DA:604,6
DA:607,4
DA:608,12
DA:610,2
DA:613,6
DA:614,4
DA:615,4
DA:616,2
DA:617,10
DA:618,4
DA:619,6
DA:620,2
DA:621,2
DA:622,2
DA:623,2
DA:628,2
DA:632,2
DA:633,0
DA:634,0
DA:635,0
DA:636,0
DA:637,0
DA:638,0
DA:639,0
DA:644,2
DA:646,2
DA:647,2
DA:648,2
DA:658,8
DA:659,2
DA:661,2
DA:662,6
DA:664,8
DA:680,2
DA:681,2
DA:684,6
DA:685,2
DA:687,2
DA:688,2
DA:690,2
DA:691,2
DA:692,10
DA:695,8
DA:696,2
DA:698,6
DA:699,6
DA:700,6
DA:701,6
DA:702,8
DA:708,2
DA:709,8
DA:710,2
DA:711,2
DA:715,2
DA:716,2
DA:720,2
DA:721,2
DA:725,18
DA:726,2
DA:727,2
DA:732,2
LF:351
LH:269
end_of_record
SF:lib\get_current_location.dart
DA:6,4
DA:7,8
DA:9,4
DA:10,0
DA:11,0
DA:13,0
DA:19,5
DA:20,10
DA:22,5
DA:23,2
DA:25,1
DA:26,0
DA:27,0
DA:28,0
DA:30,1
DA:34,10
DA:35,0
DA:36,0
DA:37,0
DA:38,0
DA:39,0
DA:43,10
DA:44,2
DA:45,1
DA:49,4
DA:50,0
LF:26
LH:14
end_of_record
SF:lib\listings.dart
DA:9,3
DA:10,6
DA:13,6
DA:14,9
DA:15,3
DA:17,3
DA:18,12
DA:21,6
DA:22,4
DA:23,2
DA:24,2
DA:25,10
DA:26,4
DA:27,0
DA:28,0
DA:31,4
DA:32,6
DA:36,4
DA:38,2
DA:39,1
DA:40,3
DA:41,2
DA:42,3
DA:43,3
DA:44,6
DA:45,6
DA:46,1
DA:47,3
DA:48,3
DA:50,0
DA:51,0
DA:52,0
DA:57,2
DA:58,4
DA:59,2
DA:60,1
DA:62,1
DA:65,5
DA:66,1
DA:68,3
DA:70,1
DA:73,2
DA:74,0
DA:75,2
DA:77,0
DA:81,3
DA:82,2
DA:85,1
DA:86,1
DA:87,1
DA:89,1
DA:93,5
DA:94,10
DA:95,10
DA:97,2
DA:99,0
DA:102,0
DA:103,0
DA:104,0
DA:107,0
DA:111,4
LF:61
LH:49
end_of_record
SF:lib\listings_info_sheets.dart
DA:8,12
DA:11,4
DA:13,4
DA:14,8
DA:15,16
DA:17,4
DA:18,8
DA:19,8
DA:20,8
DA:25,8
DA:32,2
DA:33,6
DA:37,4
DA:38,18
DA:48,1
DA:57,1
DA:59,2
DA:62,2
DA:63,1
DA:65,3
DA:69,1
DA:70,1
DA:71,3
DA:72,1
DA:73,4
DA:76,1
DA:79,1
DA:80,1
DA:82,1
DA:83,1
DA:85,1
DA:87,1
DA:90,1
DA:91,1
DA:92,4
DA:98,1
DA:100,1
DA:101,3
DA:109,1
DA:111,1
DA:112,1
DA:114,1
DA:117,1
DA:118,1
DA:119,4
DA:125,1
DA:127,1
DA:128,1
DA:129,4
DA:158,4
DA:177,4
DA:179,8
DA:185,8
DA:186,4
DA:189,12
DA:192,4
DA:193,12
DA:195,4
DA:196,4
DA:199,8
DA:200,4
DA:201,0
DA:205,8
DA:206,3
DA:207,3
DA:208,1
DA:211,12
DA:214,4
DA:215,4
DA:216,32
DA:218,32
DA:221,4
DA:225,4
DA:227,10
DA:228,4
DA:230,4
DA:231,4
DA:233,4
DA:234,4
DA:239,4
DA:241,4
DA:246,12
DA:247,12
DA:249,4
DA:250,12
DA:251,8
DA:252,8
DA:253,12
DA:258,4
DA:260,8
DA:269,4
DA:270,4
DA:273,4
DA:274,4
DA:275,4
DA:277,4
DA:278,4
DA:279,16
DA:280,4
DA:281,12
DA:286,4
DA:287,4
DA:288,2
DA:289,2
DA:290,4
DA:296,14
DA:298,16
DA:299,0
DA:300,0
DA:301,0
DA:303,0
DA:304,0
DA:307,11
DA:308,3
DA:309,3
DA:310,0
DA:312,3
DA:313,3
DA:317,8
DA:318,12
DA:319,8
DA:320,4
DA:323,12
DA:324,4
DA:325,0
DA:326,0
DA:327,0
DA:331,4
DA:333,4
DA:336,12
DA:341,9
DA:342,8
DA:343,1
DA:346,3
DA:347,1
DA:348,0
DA:349,0
DA:350,0
DA:351,0
DA:352,0
DA:354,0
DA:359,1
DA:361,1
DA:364,3
DA:369,12
DA:370,8
DA:371,4
DA:374,12
DA:375,4
DA:376,0
DA:377,0
DA:378,0
DA:379,0
DA:380,0
DA:382,0
DA:387,4
DA:389,4
DA:392,12
DA:399,4
DA:400,2
DA:404,2
DA:405,6
DA:406,3
DA:407,3
DA:408,1
DA:409,1
DA:410,5
DA:414,6
DA:415,6
DA:416,0
DA:417,0
DA:418,0
DA:420,2
DA:421,2
DA:422,2
DA:423,2
DA:424,2
DA:425,2
DA:426,10
DA:427,4
DA:435,5
DA:436,5
DA:437,0
DA:438,0
DA:439,0
DA:440,0
DA:441,0
DA:443,0
DA:446,1
DA:447,1
DA:448,1
DA:449,1
DA:450,1
DA:451,1
DA:452,5
DA:453,2
DA:461,6
DA:462,6
DA:463,0
DA:464,0
DA:465,0
DA:466,0
DA:467,0
DA:469,0
DA:472,2
DA:473,2
DA:474,2
DA:475,2
DA:476,2
DA:477,2
DA:478,10
DA:479,4
DA:490,10
DA:491,11
LF:214
LH:177
end_of_record
SF:lib\main.dart
DA:23,0
DA:24,0
DA:26,0
DA:28,0
DA:29,0
DA:31,0
DA:32,0
DA:35,0
DA:36,0
DA:37,0
DA:41,0
DA:42,0
DA:46,2
DA:48,3
DA:50,6
DA:51,3
DA:52,3
DA:53,3
DA:54,9
DA:55,3
DA:57,6
DA:58,6
DA:65,1
DA:66,1
DA:68,1
DA:69,9
DA:70,1
DA:71,1
DA:72,2
DA:73,1
DA:74,1
DA:75,1
DA:76,9
DA:77,1
DA:79,1
DA:82,1
DA:84,1
DA:87,1
DA:90,1
DA:92,1
DA:95,1
DA:98,1
DA:101,1
DA:104,1
DA:107,1
DA:109,1
DA:110,1
DA:111,1
DA:114,1
DA:117,1
DA:118,1
DA:119,0
DA:120,0
DA:121,0
DA:123,0
DA:131,1
DA:133,1
DA:134,1
DA:135,1
DA:136,1
DA:138,1
DA:140,4
DA:156,1
DA:157,1
DA:158,0
DA:159,0
DA:160,0
DA:161,0
DA:162,0
DA:164,0
DA:167,1
DA:177,3
DA:179,3
DA:180,3
DA:195,3
DA:197,3
DA:198,3
DA:201,1
DA:202,2
DA:203,1
DA:208,3
DA:209,3
DA:210,0
DA:211,0
DA:222,6
DA:223,9
DA:224,9
DA:225,9
DA:226,9
DA:227,9
DA:228,9
DA:229,9
DA:230,6
DA:233,0
DA:234,0
DA:235,0
DA:237,0
DA:239,0
DA:240,0
DA:245,0
DA:248,0
DA:249,0
DA:250,0
DA:251,0
DA:254,0
DA:259,0
DA:262,0
DA:263,0
DA:264,0
DA:265,0
DA:268,0
DA:273,0
DA:277,0
DA:278,0
DA:279,0
DA:280,0
DA:283,0
DA:288,0
DA:291,0
DA:292,0
DA:293,0
DA:294,0
DA:301,3
DA:303,3
DA:307,3
DA:308,3
DA:309,3
DA:310,3
DA:311,6
DA:313,1
DA:314,1
DA:315,2
DA:319,3
DA:321,3
DA:323,3
DA:324,3
DA:326,0
DA:327,0
DA:328,0
DA:333,3
DA:334,3
DA:335,3
DA:337,3
DA:341,3
DA:345,2
DA:346,2
DA:348,2
DA:350,6
DA:351,8
DA:352,4
DA:353,4
DA:354,4
DA:355,4
DA:356,4
DA:358,4
DA:359,2
DA:372,3
DA:373,3
DA:375,3
DA:376,3
DA:378,3
DA:379,15
DA:380,3
DA:381,12
DA:382,3
DA:385,3
DA:386,6
DA:387,3
DA:389,3
DA:391,6
DA:392,3
DA:394,3
DA:395,12
DA:397,6
DA:403,3
DA:405,3
DA:408,1
DA:409,1
DA:410,1
DA:411,3
DA:415,3
DA:417,3
DA:420,0
DA:421,0
DA:422,0
DA:423,0
DA:427,3
DA:429,3
DA:432,1
DA:433,1
DA:434,1
DA:435,3
DA:439,3
DA:441,3
DA:444,0
DA:445,0
DA:446,0
DA:450,3
DA:452,3
DA:455,0
DA:456,0
DA:457,0
DA:459,0
DA:460,0
DA:466,3
DA:468,24
DA:471,3
DA:473,3
DA:476,3
DA:477,3
DA:478,0
DA:479,0
DA:480,0
DA:484,12
DA:486,3
DA:487,0
DA:488,0
DA:489,0
DA:493,12
DA:495,3
DA:496,0
DA:497,0
DA:498,0
DA:502,12
DA:504,3
DA:505,0
DA:506,0
DA:507,0
DA:511,12
DA:524,3
DA:526,3
DA:529,1
DA:530,1
DA:531,1
DA:532,3
DA:536,3
DA:538,3
DA:541,0
DA:542,0
DA:543,0
DA:544,0
DA:548,3
DA:550,3
DA:553,0
DA:554,0
DA:555,0
DA:556,0
LF:247
LH:159
end_of_record
SF:lib\string_to_latlng.dart
DA:4,4
DA:8,4
DA:9,8
DA:14,12
DA:15,12
DA:19,4
DA:21,3
DA:22,2
LF:8
LH:8
end_of_record
SF:lib\map_page.dart
DA:27,3
DA:28,6
DA:34,4
DA:36,4
DA:37,4
DA:76,4
DA:78,8
DA:79,4
DA:80,0
DA:81,4
DA:82,0
DA:84,8
DA:85,12
DA:86,4
DA:87,4
DA:88,4
DA:89,12
DA:90,16
DA:91,8
DA:93,4
DA:96,4
DA:97,4
DA:98,4
DA:99,4
DA:100,4
DA:101,4
DA:102,4
DA:103,4
DA:104,4
DA:105,4
DA:106,4
DA:107,4
DA:108,4
DA:109,4
DA:110,4
DA:111,4
DA:112,4
DA:113,4
DA:114,4
DA:115,4
DA:116,4
DA:117,4
DA:118,4
DA:119,4
DA:120,4
DA:121,4
DA:122,4
DA:123,4
DA:124,4
DA:125,4
DA:126,4
DA:127,4
DA:128,4
DA:129,4
DA:130,4
DA:131,4
DA:132,4
DA:133,4
DA:134,4
DA:135,4
DA:136,4
DA:137,4
DA:138,4
DA:139,4
DA:140,4
DA:141,4
DA:142,4
DA:143,4
DA:144,4
DA:145,4
DA:146,4
DA:147,4
DA:148,4
DA:149,4
DA:150,4
DA:151,4
DA:152,4
DA:153,4
DA:154,4
DA:155,4
DA:156,4
DA:157,4
DA:158,4
DA:159,4
DA:160,4
DA:161,4
DA:162,4
DA:163,4
DA:164,4
DA:165,4
DA:166,4
DA:167,4
DA:168,4
DA:169,4
DA:170,4
DA:171,4
DA:172,4
DA:173,4
DA:174,4
DA:175,4
DA:176,4
DA:177,4
DA:178,4
DA:179,4
DA:180,4
DA:181,4
DA:182,4
DA:183,4
DA:184,4
DA:185,4
DA:186,4
DA:187,4
DA:188,4
DA:189,4
DA:190,4
DA:191,4
DA:192,4
DA:193,4
DA:194,4
DA:195,4
DA:196,4
DA:197,4
DA:198,4
DA:199,4
DA:200,4
DA:201,4
DA:202,4
DA:203,4
DA:204,4
DA:205,4
DA:206,4
DA:207,4
DA:208,4
DA:209,4
DA:210,4
DA:211,4
DA:212,4
DA:213,4
DA:214,4
DA:215,4
DA:216,4
DA:217,4
DA:218,4
DA:219,4
DA:220,4
DA:221,4
DA:222,4
DA:223,4
DA:224,4
DA:225,4
DA:226,4
DA:227,4
DA:228,4
DA:229,4
DA:230,4
DA:231,4
DA:232,4
DA:234,4
DA:238,16
DA:239,20
DA:242,1
DA:244,2
DA:246,1
DA:247,3
DA:249,1
DA:250,2
DA:253,1
DA:256,0
DA:257,0
DA:259,0
DA:260,0
DA:261,0
DA:262,0
DA:263,0
DA:264,0
DA:266,0
DA:267,0
DA:268,0
DA:271,0
DA:273,0
DA:274,0
DA:276,0
DA:279,0
DA:296,0
DA:297,0
DA:298,0
DA:303,0
DA:306,0
DA:307,0
DA:308,0
DA:309,0
DA:316,0
DA:318,0
DA:320,0
DA:321,0
DA:322,0
DA:323,0
DA:324,0
DA:325,0
DA:327,0
DA:329,0
DA:332,0
DA:333,0
DA:334,0
DA:335,0
DA:337,0
DA:339,0
DA:357,2
DA:358,4
DA:359,4
DA:360,4
DA:361,4
DA:364,3
DA:371,4
DA:372,8
DA:374,8
DA:375,8
DA:376,8
DA:377,8
DA:378,8
DA:379,8
DA:381,4
DA:382,7
DA:384,14
DA:385,15
DA:386,6
DA:387,5
DA:388,6
DA:389,5
DA:390,6
DA:391,5
DA:392,4
DA:393,0
DA:394,4
DA:395,0
DA:396,5
DA:401,4
DA:402,8
DA:405,4
DA:406,0
DA:410,8
DA:412,7
DA:413,6
DA:415,2
DA:416,1
DA:419,4
DA:420,1
DA:426,0
DA:427,0
DA:430,0
DA:431,0
DA:432,0
DA:434,0
DA:435,0
DA:443,0
DA:444,0
DA:445,0
DA:447,0
DA:449,0
DA:450,0
DA:454,1
DA:455,2
DA:458,1
DA:460,2
DA:461,3
DA:462,3
DA:465,1
DA:466,0
DA:468,2
DA:469,1
DA:472,1
DA:477,1
DA:478,1
DA:480,1
DA:483,1
DA:484,2
DA:489,3
DA:490,3
DA:492,2
DA:493,2
DA:494,1
DA:495,1
DA:497,2
DA:498,1
DA:501,1
DA:502,0
DA:503,0
DA:504,0
DA:507,1
DA:508,1
DA:509,1
DA:515,1
DA:516,3
DA:517,1
DA:518,1
DA:519,0
DA:520,0
DA:521,0
DA:522,0
DA:526,0
DA:527,0
DA:528,0
DA:529,0
DA:531,0
DA:533,0
DA:537,1
DA:541,1
DA:542,1
DA:543,1
DA:547,1
DA:549,2
DA:551,3
DA:554,1
DA:555,1
DA:556,2
DA:558,1
DA:561,1
DA:562,1
DA:564,1
DA:565,1
DA:566,2
DA:567,2
DA:568,2
DA:572,1
DA:574,1
DA:576,1
DA:579,1
DA:581,1
DA:582,1
DA:585,1
DA:586,1
DA:588,1
DA:589,1
DA:590,1
DA:591,1
DA:593,1
DA:594,1
DA:595,1
DA:597,2
DA:598,2
DA:599,1
DA:600,1
DA:601,2
DA:602,0
DA:603,2
DA:604,0
DA:605,0
DA:607,3
DA:608,0
DA:629,2
DA:630,2
DA:634,2
DA:635,8
DA:636,4
DA:637,6
DA:638,6
DA:640,2
DA:641,0
DA:643,4
DA:644,2
DA:647,2
DA:652,1
DA:653,1
DA:655,1
DA:660,1
DA:664,3
DA:668,1
DA:669,1
DA:675,1
DA:676,1
DA:680,1
DA:681,2
DA:682,1
DA:683,2
DA:684,0
DA:685,0
DA:686,0
DA:687,0
DA:689,0
DA:691,0
DA:695,1
DA:696,1
DA:697,2
DA:699,1
DA:701,1
DA:704,1
DA:706,1
DA:708,1
DA:709,1
DA:710,1
DA:711,1
DA:712,2
DA:713,2
DA:715,2
DA:716,2
DA:717,1
DA:718,1
DA:720,2
DA:721,0
DA:722,0
DA:734,4
DA:735,4
DA:739,0
DA:740,0
DA:742,0
DA:744,0
DA:745,0
DA:747,0
DA:748,0
DA:751,0
DA:758,0
DA:759,0
DA:763,0
DA:764,0
DA:766,0
DA:769,0
DA:770,0
DA:771,0
DA:772,0
DA:773,0
DA:775,0
DA:777,0
DA:778,0
DA:780,0
DA:784,0
DA:785,0
DA:786,0
DA:791,2
DA:792,4
DA:793,24
DA:796,1
DA:797,2
DA:798,12
DA:801,0
DA:802,0
DA:803,0
DA:804,0
DA:805,0
DA:806,0
DA:807,0
DA:808,0
DA:811,1
DA:812,2
DA:813,1
DA:815,1
DA:817,1
DA:818,1
DA:819,1
DA:820,1
DA:822,1
DA:825,1
DA:833,1
DA:835,2
DA:837,2
DA:838,1
DA:839,1
DA:840,2
DA:841,2
DA:843,1
DA:844,1
DA:847,1
DA:849,2
DA:851,2
DA:852,1
DA:853,1
DA:854,2
DA:855,2
DA:857,1
DA:858,1
DA:861,1
DA:863,2
DA:865,2
DA:866,1
DA:867,1
DA:868,2
DA:869,2
DA:871,1
DA:872,1
DA:875,1
DA:877,2
DA:879,2
DA:880,1
DA:881,1
DA:882,2
DA:883,2
DA:885,1
DA:886,1
DA:889,1
DA:891,2
DA:893,2
DA:894,0
DA:895,0
DA:896,0
DA:897,0
DA:899,0
DA:900,0
DA:903,1
DA:905,2
DA:907,2
DA:908,1
DA:909,1
DA:910,2
DA:911,2
DA:913,1
DA:914,1
DA:917,2
DA:918,1
DA:920,3
DA:922,1
DA:923,0
DA:924,0
DA:925,0
DA:928,0
DA:931,1
DA:932,1
DA:933,1
DA:934,1
DA:936,1
DA:937,1
DA:938,1
DA:939,1
DA:940,1
DA:941,2
DA:942,3
DA:943,2
DA:946,1
DA:947,1
DA:953,1
DA:954,1
DA:955,1
DA:956,2
DA:957,3
DA:958,2
DA:961,1
DA:962,1
DA:968,1
DA:969,0
DA:970,0
DA:971,0
DA:992,1
DA:995,1
DA:997,2
DA:999,3
DA:1000,1
DA:1002,2
DA:1004,1
DA:1007,2
DA:1009,3
DA:1011,1
DA:1012,0
DA:1020,0
DA:1021,0
DA:1022,0
DA:1024,0
DA:1026,0
DA:1028,1
DA:1031,4
DA:1032,4
DA:1041,2
DA:1042,0
DA:1043,0
DA:1045,0
DA:1046,0
DA:1050,5
DA:1051,1
DA:1054,2
DA:1060,0
DA:1061,0
DA:1063,0
DA:1066,0
DA:1069,0
DA:1070,0
DA:1074,0
DA:1077,0
DA:1078,0
DA:1079,0
DA:1080,0
DA:1082,0
DA:1083,0
DA:1088,0
DA:1091,0
DA:1097,0
DA:1100,0
DA:1101,0
DA:1104,0
DA:1107,4
DA:1109,8
DA:1111,4
DA:1112,4
DA:1115,0
DA:1116,0
DA:1118,0
DA:1121,0
DA:1126,0
DA:1128,0
DA:1131,0
DA:1132,0
DA:1137,0
DA:1138,0
DA:1141,0
DA:1143,0
DA:1144,0
DA:1148,0
DA:1149,0
DA:1150,0
DA:1154,0
DA:1155,0
DA:1156,0
DA:1160,0
DA:1163,0
DA:1164,0
DA:1168,0
DA:1169,0
DA:1170,0
DA:1177,0
DA:1181,0
DA:1182,0
DA:1186,0
DA:1189,0
DA:1192,0
DA:1194,0
DA:1196,0
DA:1198,0
DA:1200,0
DA:1201,0
DA:1202,0
DA:1205,0
DA:1207,0
DA:1211,0
DA:1213,0
DA:1214,0
DA:1215,0
DA:1216,0
DA:1217,0
DA:1218,0
DA:1219,0
DA:1220,0
DA:1221,0
DA:1222,0
DA:1223,0
DA:1224,0
DA:1228,0
DA:1229,0
DA:1230,0
DA:1231,0
DA:1232,0
DA:1233,0
DA:1234,0
DA:1237,0
DA:1239,0
DA:1240,0
DA:1241,0
DA:1242,0
DA:1244,0
DA:1251,1
DA:1252,2
DA:1253,1
DA:1254,0
DA:1255,0
DA:1256,0
DA:1257,0
DA:1260,0
DA:1261,0
DA:1264,0
DA:1265,0
DA:1267,0
DA:1268,0
DA:1270,0
DA:1271,0
DA:1272,0
DA:1273,0
DA:1274,0
DA:1275,0
DA:1276,0
DA:1280,0
DA:1281,0
DA:1283,0
DA:1284,0
DA:1286,0
DA:1288,0
DA:1289,0
DA:1294,0
DA:1295,0
DA:1301,0
DA:1302,0
DA:1303,0
DA:1304,0
DA:1306,0
DA:1307,0
DA:1308,0
DA:1309,0
DA:1310,0
DA:1311,0
DA:1316,0
DA:1319,0
DA:1321,0
DA:1324,0
DA:1327,0
DA:1328,0
DA:1331,0
DA:1332,0
DA:1335,0
DA:1336,0
DA:1339,0
DA:1342,0
DA:1343,0
DA:1344,0
DA:1351,0
DA:1352,0
DA:1353,0
DA:1354,0
DA:1362,0
DA:1368,0
DA:1374,0
DA:1379,0
DA:1382,0
DA:1383,0
DA:1384,0
DA:1385,0
DA:1386,0
DA:1389,0
DA:1390,0
DA:1393,0
DA:1396,0
DA:1397,0
DA:1398,0
DA:1399,0
DA:1400,0
DA:1403,0
DA:1404,0
DA:1407,0
DA:1408,0
DA:1409,0
DA:1410,0
DA:1412,0
DA:1413,0
DA:1415,0
DA:1417,0
DA:1418,0
DA:1420,0
DA:1421,0
DA:1423,0
DA:1424,0
DA:1427,0
DA:1428,0
DA:1429,0
DA:1430,0
DA:1434,0
DA:1435,0
DA:1436,0
DA:1437,0
DA:1439,0
DA:1440,0
DA:1445,4
DA:1447,8
DA:1448,4
DA:1449,4
DA:1450,4
DA:1451,8
DA:1455,4
DA:1456,0
DA:1457,0
DA:1458,0
DA:1460,0
DA:1461,0
DA:1462,0
DA:1468,8
DA:1469,1
DA:1470,1
DA:1472,1
DA:1473,1
DA:1476,4
DA:1479,1
DA:1481,1
DA:1482,1
DA:1491,3
DA:1492,3
DA:1493,3
DA:1494,3
DA:1496,0
DA:1497,0
DA:1498,0
DA:1502,3
DA:1503,3
DA:1504,3
DA:1506,1
DA:1507,1
DA:1511,3
DA:1512,3
DA:1513,3
DA:1514,3
DA:1515,3
DA:1516,6
DA:1517,6
DA:1518,3
DA:1519,3
DA:1520,3
DA:1526,0
DA:1527,0
DA:1528,0
DA:1530,0
DA:1533,3
DA:1536,3
DA:1538,0
DA:1539,0
DA:1540,0
DA:1541,0
DA:1542,0
DA:1544,0
DA:1545,0
DA:1550,3
DA:1551,9
DA:1552,3
DA:1555,3
DA:1558,3
DA:1560,3
DA:1561,3
DA:1562,1
DA:1566,0
DA:1567,0
DA:1568,0
DA:1570,1
DA:1573,3
DA:1574,1
DA:1575,1
DA:1576,2
DA:1583,3
DA:1584,3
DA:1589,0
DA:1590,0
DA:1592,0
DA:1593,0
DA:1594,0
DA:1595,0
DA:1596,0
DA:1597,0
DA:1598,0
DA:1599,0
DA:1600,0
DA:1601,0
DA:1602,0
DA:1603,0
DA:1604,0
DA:1605,0
DA:1606,0
DA:1609,0
DA:1611,3
DA:1614,9
DA:1617,3
DA:1622,1
DA:1623,1
DA:1624,2
DA:1625,2
DA:1626,1
DA:1627,1
DA:1629,1
DA:1631,1
DA:1632,1
DA:1634,1
DA:1638,3
DA:1639,3
DA:1641,9
DA:1644,3
DA:1645,3
DA:1646,6
DA:1649,3
DA:1654,0
DA:1655,0
DA:1656,0
DA:1658,0
DA:1659,0
DA:1661,0
DA:1666,3
DA:1667,3
DA:1668,3
DA:1669,3
DA:1670,3
DA:1675,1
DA:1676,1
DA:1677,1
DA:1686,3
DA:1687,0
DA:1689,0
DA:1691,0
DA:1692,0
DA:1694,0
DA:1699,0
DA:1700,0
DA:1701,0
DA:1703,0
DA:1704,0
DA:1705,0
DA:1706,0
DA:1711,6
DA:1712,3
DA:1714,3
DA:1716,3
DA:1718,3
DA:1719,9
DA:1720,3
DA:1721,0
DA:1722,0
DA:1723,0
DA:1725,0
DA:1726,0
DA:1730,3
DA:1732,3
DA:1733,3
DA:1735,3
DA:1737,3
DA:1738,3
DA:1741,3
DA:1742,6
DA:1744,12
DA:1745,3
DA:1746,9
DA:1752,3
DA:1754,3
DA:1756,9
LF:919
LH:534
end_of_record
SF:lib\important_info_page.dart
DA:11,2
DA:13,2
DA:15,4
DA:16,2
DA:20,2
DA:21,2
DA:22,2
DA:28,2
DA:29,2
DA:30,10
DA:32,2
DA:33,2
DA:34,2
DA:37,6
DA:40,2
DA:41,2
DA:42,2
DA:43,2
DA:44,2
DA:46,2
DA:48,2
DA:49,4
DA:54,2
DA:56,2
DA:57,2
DA:58,2
DA:64,2
DA:66,2
DA:67,4
DA:72,2
DA:73,2
DA:77,2
DA:78,2
DA:79,2
DA:83,2
DA:86,2
DA:87,2
DA:88,0
DA:89,0
DA:98,2
DA:102,2
DA:104,2
DA:106,2
DA:108,2
DA:109,2
DA:110,2
DA:111,2
DA:113,2
DA:116,2
DA:117,2
DA:118,0
DA:119,0
DA:121,0
DA:122,0
DA:134,2
DA:136,2
DA:138,2
DA:140,2
DA:141,2
DA:142,2
DA:143,2
DA:145,2
DA:148,2
DA:149,2
DA:150,0
DA:151,0
DA:152,0
DA:153,0
DA:155,0
DA:180,2
DA:181,2
DA:183,2
DA:185,2
DA:187,2
DA:188,2
DA:190,2
LF:76
LH:65
end_of_record
SF:lib\listings_may_change_reminder.dart
DA:17,5
DA:18,10
DA:23,5
DA:24,10
DA:25,10
DA:26,5
DA:27,5
DA:30,5
DA:31,2
DA:33,6
DA:34,0
DA:47,4
DA:76,2
DA:78,0
DA:79,0
DA:80,0
DA:84,4
DA:85,4
DA:88,2
DA:89,0
DA:90,2
DA:93,2
DA:95,2
DA:104,2
DA:105,2
DA:115,2
DA:119,2
LF:27
LH:22
end_of_record
SF:lib\welcome_screen.dart
DA:17,2
DA:19,1
DA:21,2
DA:22,1
DA:23,1
DA:26,1
DA:29,3
DA:36,2
DA:38,1
DA:39,1
DA:45,1
DA:46,1
DA:47,1
DA:50,1
DA:51,1
DA:52,2
DA:53,2
DA:57,1
DA:59,2
DA:60,1
DA:63,1
DA:65,2
DA:66,1
DA:69,1
DA:71,2
DA:72,4
DA:73,4
DA:75,1
DA:76,4
DA:77,4
DA:79,3
DA:82,1
DA:83,1
DA:84,2
DA:87,3
DA:89,1
DA:91,1
DA:94,1
DA:95,4
DA:96,1
DA:98,1
DA:99,4
DA:101,1
DA:102,1
DA:103,1
DA:108,1
DA:109,1
DA:112,1
DA:115,1
DA:118,1
DA:119,1
DA:120,1
DA:121,1
DA:122,1
DA:124,1
DA:127,1
DA:130,1
DA:131,1
DA:132,4
DA:134,1
DA:135,1
DA:136,4
DA:138,1
DA:142,1
DA:143,1
DA:144,4
DA:146,1
DA:150,1
DA:151,1
DA:152,6
DA:154,1
DA:158,1
DA:159,1
DA:160,4
DA:162,1
DA:166,1
DA:167,1
DA:168,4
DA:170,1
DA:179,1
DA:184,4
DA:187,1
DA:190,1
DA:193,1
DA:195,1
DA:196,1
DA:197,1
DA:198,1
DA:199,1
DA:201,1
DA:204,1
DA:207,1
DA:208,1
DA:209,1
DA:210,3
DA:212,1
DA:216,1
DA:217,1
DA:218,3
DA:220,1
DA:224,1
DA:225,1
DA:226,3
DA:228,1
DA:232,1
DA:233,1
DA:234,3
DA:236,1
DA:240,1
DA:241,1
DA:242,3
DA:244,1
DA:248,1
DA:249,1
DA:250,3
DA:252,1
DA:256,1
DA:257,1
DA:258,4
DA:260,1
DA:269,1
DA:274,4
DA:277,1
DA:280,1
DA:283,1
DA:285,1
DA:286,0
DA:287,0
DA:288,0
DA:289,0
DA:291,0
DA:294,0
DA:297,0
DA:298,0
DA:299,0
DA:300,0
DA:302,0
DA:306,0
DA:307,0
DA:308,0
DA:310,0
DA:314,0
DA:315,0
DA:316,0
DA:318,0
DA:322,0
DA:323,0
DA:324,0
DA:326,0
DA:330,0
DA:331,0
DA:332,0
DA:334,0
DA:343,1
DA:348,4
DA:351,1
DA:354,1
DA:357,1
DA:359,1
DA:360,0
DA:361,0
DA:362,0
DA:363,0
DA:365,0
DA:368,0
DA:371,0
DA:372,0
DA:373,0
DA:374,0
DA:376,0
DA:380,0
DA:381,0
DA:382,0
DA:384,0
DA:388,0
DA:389,0
DA:390,0
DA:392,0
DA:396,0
DA:397,0
DA:398,0
DA:400,0
DA:404,0
DA:405,0
DA:406,0
DA:408,0
DA:412,0
DA:413,0
DA:414,0
DA:416,0
DA:420,0
DA:421,0
DA:422,0
DA:424,0
DA:433,1
DA:438,4
DA:441,1
DA:444,1
DA:447,1
DA:449,1
DA:450,0
DA:451,0
DA:452,0
DA:453,0
DA:455,0
DA:458,0
DA:461,0
DA:462,0
DA:463,0
DA:464,0
DA:466,0
DA:470,0
DA:471,0
DA:472,0
DA:474,0
DA:475,0
DA:476,0
DA:477,0
DA:478,0
DA:480,0
DA:481,0
DA:482,0
DA:483,0
DA:484,0
DA:487,0
DA:494,0
DA:495,0
DA:496,0
DA:498,0
DA:499,0
DA:500,0
DA:501,0
DA:503,0
DA:505,0
DA:506,0
DA:507,0
DA:508,0
DA:509,0
DA:518,0
DA:519,0
DA:520,0
DA:522,0
DA:523,0
DA:524,0
DA:525,0
DA:526,0
DA:528,0
DA:529,0
DA:530,0
DA:531,0
DA:532,0
DA:547,1
DA:552,4
DA:556,0
DA:557,0
DA:558,0
DA:560,0
DA:561,0
DA:562,0
DA:568,4
DA:569,5
DA:570,4
DA:571,5
LF:263
LH:144
end_of_record
SF:lib\themes.dart
DA:8,9
DA:9,3
DA:11,3
DA:21,3
DA:23,3
DA:38,3
DA:40,3
DA:52,3
DA:65,3
DA:66,3
DA:73,3
DA:75,3
DA:87,3
DA:102,3
DA:122,3
DA:123,3
DA:134,3
DA:135,3
DA:140,3
DA:142,3
DA:154,3
DA:191,1
DA:196,1
DA:198,1
DA:200,1
DA:202,1
DA:204,1
DA:206,1
DA:208,1
DA:210,1
DA:212,1
DA:214,1
DA:216,1
DA:218,1
DA:220,1
DA:222,1
DA:224,1
DA:229,1
DA:230,2
DA:232,2
DA:235,1
DA:241,0
DA:242,0
DA:247,0
DA:248,0
DA:251,0
DA:252,0
DA:253,0
DA:258,0
DA:259,0
DA:262,0
DA:263,0
DA:266,0
DA:267,0
DA:270,0
DA:271,0
DA:274,0
DA:275,0
DA:276,0
DA:278,0
DA:279,0
DA:281,0
DA:283,0
DA:288,4
DA:289,4
DA:290,7
DA:293,6
DA:296,6
DA:299,6
DA:302,6
DA:305,4
DA:313,1
DA:314,2
DA:317,2
DA:320,2
DA:323,2
DA:326,2
DA:329,2
DA:337,1
DA:338,2
DA:341,2
DA:344,2
DA:347,2
DA:350,2
DA:353,2
DA:361,1
DA:362,2
DA:365,2
DA:368,2
DA:371,2
DA:374,2
DA:377,2
DA:385,1
DA:386,2
DA:389,2
DA:392,2
DA:395,2
DA:398,2
DA:401,2
LF:99
LH:77
end_of_record
SF:lib\settings_page.dart
DA:10,5
DA:11,15
DA:12,5
DA:14,0
DA:17,0
DA:20,0
DA:22,0
DA:25,0
DA:27,0
DA:30,0
DA:33,0
DA:35,0
DA:38,0
DA:40,0
DA:43,0
DA:45,0
DA:51,0
DA:54,0
DA:55,0
DA:56,0
DA:57,0
DA:62,0
DA:63,0
DA:66,0
DA:69,0
DA:72,0
DA:75,0
DA:81,0
DA:83,0
DA:84,5
DA:86,5
DA:88,5
DA:90,5
DA:92,5
DA:97,10
DA:106,2
DA:108,2
DA:109,2
DA:116,2
DA:118,2
DA:119,4
DA:122,2
DA:124,4
DA:125,2
DA:129,1
DA:130,1
DA:131,0
DA:132,0
DA:133,0
DA:134,0
DA:135,0
DA:138,1
DA:139,2
DA:142,2
DA:144,2
DA:148,2
DA:149,2
DA:150,2
DA:156,2
DA:157,18
DA:158,2
DA:159,2
DA:160,2
DA:163,2
DA:165,2
DA:166,2
DA:168,2
DA:171,2
DA:172,2
DA:174,2
DA:176,2
DA:177,2
DA:178,1
DA:179,2
DA:180,1
DA:183,1
DA:185,2
DA:186,2
DA:187,2
DA:188,6
DA:190,2
DA:192,2
DA:194,6
DA:200,2
DA:201,6
DA:203,2
DA:205,2
DA:207,6
DA:213,2
DA:214,6
DA:216,2
DA:218,2
DA:220,6
DA:231,2
DA:233,2
DA:235,2
DA:236,4
DA:237,1
DA:238,1
DA:240,2
DA:241,1
DA:243,1
DA:246,1
DA:249,1
DA:252,1
DA:255,1
DA:260,1
DA:261,2
DA:263,2
DA:264,2
DA:265,2
DA:266,6
DA:268,2
DA:270,2
DA:272,6
DA:278,2
DA:279,6
DA:281,2
DA:283,2
DA:285,6
DA:291,2
DA:292,6
DA:294,2
DA:296,2
DA:298,6
DA:304,2
DA:305,6
DA:307,2
DA:309,2
DA:311,6
DA:317,2
DA:318,6
DA:320,2
DA:322,2
DA:324,6
DA:347,2
DA:349,0
DA:351,0
DA:354,0
DA:355,0
DA:356,0
LF:141
LH:105
end_of_record
