SF:lib\convert_distance_units.dart
DA:3,4
DA:6,4
DA:8,4
DA:9,4
DA:11,2
DA:12,1
DA:15,1
DA:17,1
DA:18,2
DA:19,1
DA:21,2
DA:22,1
LF:12
LH:12
end_of_record
SF:lib\settings_page.dart
DA:9,6
DA:12,1
DA:13,0
DA:14,1
DA:17,7
DA:19,1
DA:20,1
DA:24,1
DA:26,1
DA:30,1
DA:31,1
DA:32,0
DA:33,0
DA:36,1
DA:37,2
DA:40,1
DA:42,1
DA:43,1
DA:46,1
DA:48,1
DA:50,1
DA:51,1
DA:53,1
DA:55,1
DA:56,3
DA:58,1
DA:60,4
DA:64,1
DA:65,0
DA:66,0
DA:69,0
DA:72,1
DA:73,3
DA:75,1
DA:77,4
DA:81,1
DA:82,1
DA:83,2
DA:86,1
DA:91,1
DA:93,1
DA:95,1
DA:96,3
DA:100,2
DA:101,0
DA:103,0
DA:104,0
DA:106,0
DA:107,0
DA:110,1
DA:111,3
DA:115,2
DA:116,1
DA:118,2
DA:119,1
DA:121,1
DA:122,2
DA:125,1
DA:126,3
DA:130,2
DA:131,0
DA:132,0
DA:133,0
DA:136,0
DA:137,0
DA:140,1
DA:141,3
DA:145,2
DA:146,1
DA:147,2
DA:148,1
DA:151,1
DA:152,2
DA:155,1
DA:156,3
DA:160,2
DA:161,1
DA:163,2
DA:164,1
DA:166,1
DA:167,2
LF:81
LH:65
end_of_record
SF:lib\about_the_fair.dart
DA:4,6
DA:6,1
DA:8,1
DA:9,1
DA:10,1
DA:11,1
DA:13,1
DA:14,1
DA:18,1
DA:20,1
DA:21,4
DA:22,4
DA:25,1
DA:26,1
DA:27,1
DA:28,1
DA:29,1
LF:17
LH:17
end_of_record
SF:lib\as_the_crow_flies.dart
DA:4,3
DA:17,3
DA:18,21
DA:19,45
DA:32,18
LF:5
LH:5
end_of_record
SF:lib\filtered_listings.dart
DA:17,2
DA:23,2
DA:25,8
DA:27,4
DA:29,2
DA:32,5
DA:36,2
DA:40,2
DA:42,2
DA:43,6
DA:44,2
DA:45,4
DA:47,2
DA:50,1
DA:52,1
DA:55,2
DA:56,2
DA:57,1
DA:58,2
DA:59,1
DA:62,2
DA:63,1
DA:64,1
DA:65,1
DA:69,1
DA:71,3
DA:72,1
DA:73,1
DA:74,1
DA:75,2
DA:76,1
DA:77,1
DA:78,4
DA:79,4
DA:80,4
DA:81,1
DA:82,1
DA:83,0
DA:85,0
DA:86,0
LF:40
LH:37
end_of_record
SF:lib\get_current_location.dart
DA:7,2
DA:8,2
DA:9,0
DA:13,2
DA:18,2
DA:20,0
DA:21,0
DA:25,0
DA:26,0
DA:27,0
DA:28,0
DA:29,0
DA:33,0
DA:34,0
DA:38,0
LF:15
LH:4
end_of_record
SF:lib\listings_info_sheet.dart
DA:14,3
DA:25,3
DA:27,3
DA:29,3
DA:32,3
DA:33,3
DA:35,3
DA:36,3
DA:38,3
DA:39,3
DA:43,3
DA:45,3
DA:46,3
DA:47,12
DA:54,3
DA:56,3
DA:57,3
DA:59,6
DA:61,6
DA:62,3
DA:64,3
DA:65,3
DA:66,12
DA:73,6
DA:74,3
DA:75,0
DA:76,0
DA:77,0
DA:78,0
DA:80,0
DA:83,3
DA:84,3
DA:87,6
DA:91,3
DA:92,3
DA:94,3
DA:95,3
DA:96,1
DA:97,1
DA:98,1
DA:100,2
DA:105,6
DA:106,3
DA:107,0
DA:108,0
LF:45
LH:38
end_of_record
SF:lib\main.dart
DA:15,0
DA:16,3
DA:21,0
DA:23,0
DA:26,0
DA:27,0
DA:28,0
DA:31,0
DA:33,0
DA:34,0
DA:36,0
DA:37,0
DA:40,0
DA:43,0
DA:48,1
DA:50,1
DA:52,1
DA:53,1
DA:54,1
DA:55,1
DA:57,2
DA:66,6
DA:68,1
DA:69,1
DA:73,1
DA:75,1
DA:76,2
DA:80,3
DA:83,1
DA:85,1
DA:86,1
DA:88,1
DA:89,2
DA:91,1
DA:92,2
DA:97,1
DA:99,1
DA:100,2
DA:101,2
DA:102,2
DA:103,2
DA:104,2
DA:105,2
DA:108,1
DA:110,1
DA:112,1
DA:113,2
DA:126,1
DA:127,1
DA:129,1
DA:130,1
DA:132,1
DA:133,4
DA:134,1
DA:137,1
DA:138,1
DA:140,4
DA:142,1
DA:143,0
DA:144,0
DA:149,1
DA:150,0
DA:151,0
DA:152,0
DA:153,0
DA:155,0
DA:165,1
DA:167,1
DA:168,1
DA:169,3
DA:172,1
DA:174,0
DA:175,0
DA:176,0
LF:74
LH:51
end_of_record
SF:lib\string_to_latlng.dart
DA:3,3
DA:6,3
DA:7,6
DA:12,9
DA:13,9
DA:16,3
DA:18,0
LF:7
LH:6
end_of_record
SF:lib\themes.dart
DA:4,3
DA:5,1
DA:7,1
DA:18,1
DA:32,1
DA:34,1
DA:45,1
DA:59,2
DA:61,1
DA:87,1
DA:114,2
DA:116,1
DA:143,2
DA:144,2
DA:145,2
DA:148,1
DA:151,1
DA:154,1
DA:157,1
DA:165,0
DA:166,0
DA:169,0
DA:172,0
DA:175,0
DA:178,0
DA:186,0
DA:187,0
DA:190,0
DA:193,0
DA:196,0
DA:199,0
DA:207,0
DA:208,0
DA:211,0
DA:214,0
DA:217,0
DA:220,0
DA:228,0
DA:229,0
DA:232,0
DA:235,0
DA:238,0
DA:241,0
LF:43
LH:19
end_of_record
SF:lib\map_page.dart
DA:18,6
DA:21,2
DA:23,2
DA:24,2
DA:54,2
DA:56,2
DA:57,4
DA:58,2
DA:59,2
DA:62,2
DA:63,4
DA:64,4
DA:66,8
DA:67,4
DA:68,0
DA:69,0
DA:70,0
DA:75,2
DA:76,4
DA:77,14
DA:79,2
DA:81,2
DA:82,2
DA:84,2
DA:87,4
DA:88,4
DA:93,2
DA:95,0
DA:98,4
DA:99,10
DA:100,2
DA:101,5
DA:102,2
DA:103,5
DA:104,2
DA:105,5
DA:106,2
DA:107,5
DA:110,4
DA:112,6
DA:114,6
DA:115,4
DA:117,2
DA:120,2
DA:122,1
DA:124,1
DA:125,1
DA:127,1
DA:128,1
DA:129,1
DA:130,1
DA:131,1
DA:132,4
DA:133,4
DA:134,3
DA:135,1
DA:136,1
DA:137,0
DA:144,4
DA:145,4
DA:150,1
DA:151,2
DA:152,2
DA:156,1
DA:157,1
DA:158,1
DA:159,1
DA:160,1
DA:161,1
DA:162,1
DA:164,1
DA:165,1
DA:168,1
DA:176,1
DA:177,2
DA:179,2
DA:180,1
DA:181,2
DA:182,2
DA:184,1
DA:185,1
DA:188,1
DA:189,2
DA:191,2
DA:192,1
DA:193,2
DA:194,2
DA:196,1
DA:197,1
DA:200,1
DA:201,2
DA:203,2
DA:204,1
DA:205,2
DA:206,2
DA:208,1
DA:209,1
DA:212,1
DA:213,2
DA:215,2
DA:216,1
DA:217,2
DA:218,2
DA:220,1
DA:221,1
DA:224,1
DA:225,2
DA:227,2
DA:228,1
DA:229,2
DA:230,2
DA:232,1
DA:233,1
DA:236,1
DA:238,1
DA:239,1
DA:240,1
DA:241,2
DA:242,3
DA:243,2
DA:246,9
DA:247,1
DA:248,1
DA:253,1
DA:254,1
DA:255,2
DA:256,3
DA:257,2
DA:260,9
DA:261,1
DA:262,1
DA:277,1
DA:279,2
DA:280,2
DA:281,9
DA:282,1
DA:288,0
DA:289,0
DA:290,0
DA:292,0
DA:295,0
DA:299,2
DA:300,1
DA:301,1
DA:302,1
DA:305,1
DA:308,2
DA:311,2
DA:312,2
DA:315,0
DA:317,0
DA:320,0
DA:322,0
DA:324,0
DA:327,0
DA:328,0
DA:333,0
DA:335,0
DA:336,0
DA:337,0
DA:338,0
DA:339,0
DA:344,0
DA:345,0
DA:346,0
DA:347,0
DA:349,0
DA:352,0
DA:354,0
DA:355,0
DA:356,0
DA:358,0
DA:359,0
DA:365,0
DA:366,0
DA:367,0
DA:368,0
DA:369,0
DA:371,0
DA:372,0
DA:373,0
DA:374,0
DA:375,0
DA:376,0
DA:380,0
DA:381,0
DA:382,0
DA:383,0
DA:384,0
DA:391,2
DA:393,2
DA:394,2
DA:395,2
DA:401,0
DA:402,0
DA:408,6
DA:409,2
DA:412,2
DA:414,2
DA:415,2
DA:416,2
DA:418,2
DA:420,2
DA:421,2
DA:422,2
DA:423,2
DA:424,1
DA:425,1
DA:434,2
DA:435,2
DA:436,2
DA:437,1
DA:438,2
DA:439,2
DA:440,1
DA:441,1
DA:443,1
DA:444,1
DA:448,2
DA:449,2
DA:455,2
DA:456,2
DA:457,4
DA:458,0
DA:459,0
DA:460,0
DA:461,0
DA:462,0
DA:463,0
DA:464,0
DA:465,0
DA:466,0
DA:478,2
DA:480,2
DA:481,2
DA:482,2
DA:485,2
DA:486,2
DA:487,0
DA:488,0
DA:489,0
DA:491,0
DA:493,0
DA:494,0
LF:244
LH:177
end_of_record
